<?xml version="1.0" encoding="UTF-8"?>
<!-- Generated by org.testng.reporters.JUnitReportReporter -->
<testsuite hostname="LAPTOP-R379FAK2" failures="0" tests="2" name="com.SpiceJet.Tests.LoginPositiveTest" time="35.484" errors="0" timestamp="2023-05-03T15:57:46 IST" skipped="0">
  <testcase classname="com.SpiceJet.Tests.LoginPositiveTest" name="login" time="15.643"/>
  <system-out/>
  <testcase classname="com.SpiceJet.Tests.LoginPositiveTest" name="login" time="19.841"/>
  <system-out/>
</testsuite> <!-- com.SpiceJet.Tests.LoginPositiveTest -->
