<?xml version="1.0" encoding="UTF-8"?>
<!-- Generated by org.testng.reporters.JUnitReportReporter -->
<testsuite hostname="LAPTOP-R379FAK2" failures="0" tests="2" name="com.SpiceJet.Tests.SignUpTest" time="78.316" errors="0" timestamp="2023-05-03T15:57:46 IST" skipped="0">
  <testcase classname="com.SpiceJet.Tests.SignUpTest" name="signUp" time="38.695"/>
  <system-out/>
  <testcase classname="com.SpiceJet.Tests.SignUpTest" name="signUp" time="39.621"/>
  <system-out/>
</testsuite> <!-- com.SpiceJet.Tests.SignUpTest -->
