<?xml version="1.0" encoding="UTF-8"?>
<!-- Generated by org.testng.reporters.JUnitReportReporter -->
<testsuite hostname="LAPTOP-R379FAK2" failures="0" tests="1" name="com.SpiceJet.Tests.FieldsTest" time="11.356" errors="0" timestamp="2023-05-02T18:18:44 IST" skipped="0">
  <testcase classname="com.SpiceJet.Tests.FieldsTest" name="validateFields" time="11.356"/>
  <system-out/>
</testsuite> <!-- com.SpiceJet.Tests.FieldsTest -->
