<?xml version="1.0" encoding="UTF-8"?>
<!-- Generated by org.testng.reporters.JUnitReportReporter -->
<testsuite hostname="LAPTOP-R379FAK2" failures="0" tests="2" name="com.SpiceJet.Tests.OneWayTest" time="39.886" errors="0" timestamp="2023-05-03T15:57:46 IST" skipped="0">
  <testcase classname="com.SpiceJet.Tests.OneWayTest" name="searchFlightOnewayTrip" time="17.182"/>
  <system-out/>
  <testcase classname="com.SpiceJet.Tests.OneWayTest" name="searchFlightOnewayTrip" time="22.704"/>
  <system-out/>
</testsuite> <!-- com.SpiceJet.Tests.OneWayTest -->
